<?xml version="1.0" encoding="UTF-8"?>
<testng-results skipped="0" failed="0" ignored="0" total="2" passed="2">
  <reporter-output>
  </reporter-output>
  <suite name="Default suite" duration-ms="13389" started-at="2018-09-29T09:43:09Z" finished-at="2018-09-29T09:43:22Z">
    <groups>
    </groups>
    <test name="Default test" duration-ms="13389" started-at="2018-09-29T09:43:09Z" finished-at="2018-09-29T09:43:22Z">
      <class name="com.orangeHRM.qa.tests.LoginPageTest">
        <test-method status="PASS" signature="initialize()[pri:0, instance:com.orangeHRM.qa.tests.LoginPageTest@1a968a59]" name="initialize" is-config="true" duration-ms="5977" started-at="2018-09-29T15:13:09Z" finished-at="2018-09-29T15:13:15Z">
          <reporter-output>
          </reporter-output>
        </test-method> <!-- initialize -->
        <test-method status="PASS" signature="VerifyUserlogin()[pri:0, instance:com.orangeHRM.qa.tests.LoginPageTest@1a968a59]" name="VerifyUserlogin" duration-ms="841" started-at="2018-09-29T15:13:15Z" finished-at="2018-09-29T15:13:16Z">
          <reporter-output>
          </reporter-output>
        </test-method> <!-- VerifyUserlogin -->
        <test-method status="PASS" signature="close()[pri:0, instance:com.orangeHRM.qa.tests.LoginPageTest@1a968a59]" name="close" is-config="true" duration-ms="593" started-at="2018-09-29T15:13:16Z" finished-at="2018-09-29T15:13:17Z">
          <reporter-output>
          </reporter-output>
        </test-method> <!-- close -->
        <test-method status="PASS" signature="initialize()[pri:0, instance:com.orangeHRM.qa.tests.LoginPageTest@1a968a59]" name="initialize" is-config="true" duration-ms="5242" started-at="2018-09-29T15:13:17Z" finished-at="2018-09-29T15:13:22Z">
          <reporter-output>
          </reporter-output>
        </test-method> <!-- initialize -->
        <test-method status="PASS" signature="verifyElements()[pri:0, instance:com.orangeHRM.qa.tests.LoginPageTest@1a968a59]" name="verifyElements" duration-ms="121" started-at="2018-09-29T15:13:22Z" finished-at="2018-09-29T15:13:22Z">
          <reporter-output>
          </reporter-output>
        </test-method> <!-- verifyElements -->
        <test-method status="PASS" signature="close()[pri:0, instance:com.orangeHRM.qa.tests.LoginPageTest@1a968a59]" name="close" is-config="true" duration-ms="578" started-at="2018-09-29T15:13:22Z" finished-at="2018-09-29T15:13:22Z">
          <reporter-output>
          </reporter-output>
        </test-method> <!-- close -->
      </class> <!-- com.orangeHRM.qa.tests.LoginPageTest -->
    </test> <!-- Default test -->
  </suite> <!-- Default suite -->
</testng-results>
